<?xml version="1.0" encoding="UTF-8"?>
<testng-results ignored="0" total="1" passed="1" failed="0" skipped="0">
  <reporter-output>
  </reporter-output>
  <suite started-at="2025-09-04T15:56:10 IST" name="Default suite" finished-at="2025-09-04T15:57:07 IST" duration-ms="57253">
    <groups>
      <group name="cucumber">
        <method signature="AbstractTestNGCucumberTests.runScenario(io.cucumber.testng.PickleWrapper,io.cucumber.testng.FeatureWrapper)[pri:0, instance:com.Capium365.RunnerFiles.LoginRunner@707194ba]" name="runScenario" class="io.cucumber.testng.AbstractTestNGCucumberTests"/>
      </group> <!-- cucumber -->
    </groups>
    <test started-at="2025-09-04T15:56:10 IST" name="Default test" finished-at="2025-09-04T15:57:07 IST" duration-ms="57253">
      <class name="com.Capium365.RunnerFiles.LoginRunner">
        <test-method is-config="true" signature="setUpClass(org.testng.ITestContext)[pri:0, instance:com.Capium365.RunnerFiles.LoginRunner@707194ba]" started-at="2025-09-04T15:56:10 IST" name="setUpClass" finished-at="2025-09-04T15:56:31 IST" duration-ms="21275" status="PASS">
          <params>
            <param index="0">
              <value>
                <![CDATA[org.testng.TestRunner@177ede17]]>
              </value>
            </param>
          </params>
          <reporter-output>
          </reporter-output>
        </test-method> <!-- setUpClass -->
        <test-method signature="runScenario(io.cucumber.testng.PickleWrapper,io.cucumber.testng.FeatureWrapper)[pri:0, instance:com.Capium365.RunnerFiles.LoginRunner@707194ba]" started-at="2025-09-04T15:56:31 IST" name="runScenario" description="Runs Cucumber Scenarios" data-provider="scenarios" finished-at="2025-09-04T15:57:07 IST" duration-ms="35709" status="PASS">
          <params>
            <param index="0">
              <value>
                <![CDATA["User login"]]>
              </value>
            </param>
            <param index="1">
              <value>
                <![CDATA["Login into Capium Application"]]>
              </value>
            </param>
          </params>
          <reporter-output>
          </reporter-output>
        </test-method> <!-- runScenario -->
        <test-method is-config="true" signature="tearDownClass()[pri:0, instance:com.Capium365.RunnerFiles.LoginRunner@707194ba]" started-at="2025-09-04T15:57:07 IST" name="tearDownClass" finished-at="2025-09-04T15:57:07 IST" duration-ms="99" status="PASS">
          <reporter-output>
          </reporter-output>
        </test-method> <!-- tearDownClass -->
      </class> <!-- com.Capium365.RunnerFiles.LoginRunner -->
    </test> <!-- Default test -->
  </suite> <!-- Default suite -->
</testng-results>
